# JRE version: OpenJDK Runtime Environment (8.0_152-b06) (build 1.8.0_152-release-1136-b06)
# Java VM: OpenJDK 64-Bit Server VM (25.152-b06 mixed mode windows-amd64 compressed oops)
Heap:
 PSYoungGen      total 138240K, used 46628K [0x00000000e0000000, 0x00000000eb780000, 0x0000000100000000)
  eden space 119296K, 39% used [0x00000000e0000000,0x00000000e2d892e0,0x00000000e7480000)
  from space 18944K, 0% used [0x00000000e7480000,0x00000000e7480000,0x00000000e8700000)
  to   space 18432K, 0% used [0x00000000ea580000,0x00000000ea580000,0x00000000eb780000)
 ParOldGen       total 99840K, used 40782K [0x00000000a0000000, 0x00000000a6180000, 0x00000000e0000000)
  object space 99840K, 40% used [0x00000000a0000000,0x00000000a27d3948,0x00000000a6180000)
 Metaspace       used 60520K, capacity 62418K, committed 62484K, reserved 1103872K
  class space    used 8232K, capacity 8737K, committed 8764K, reserved 1048576K
GC Heap History (10 events):
Event: 8.949 GC heap before
{Heap before GC invocations=14 (full 2):
 PSYoungGen      total 89600K, used 80896K [0x00000000e0000000, 0x00000000e7680000, 0x0000000100000000)
  eden space 80896K, 100% used [0x00000000e0000000,0x00000000e4f00000,0x00000000e4f00000)
  from space 8704K, 0% used [0x00000000e4f00000,0x00000000e4f00000,0x00000000e5780000)
  to   space 9216K, 0% used [0x00000000e6d80000,0x00000000e6d80000,0x00000000e7680000)
 ParOldGen       total 55808K, used 16215K [0x00000000a0000000, 0x00000000a3680000, 0x00000000e0000000)
  object space 55808K, 29% used [0x00000000a0000000,0x00000000a0fd5fa0,0x00000000a3680000)
 Metaspace       used 39559K, capacity 40234K, committed 40408K, reserved 1083392K
  class space    used 5371K, capacity 5593K, committed 5632K, reserved 1048576K
Event: 8.960 GC heap after
Heap after GC invocations=14 (full 2):
 PSYoungGen      total 110080K, used 8114K [0x00000000e0000000, 0x00000000e7600000, 0x0000000100000000)
  eden space 101376K, 0% used [0x00000000e0000000,0x00000000e0000000,0x00000000e6300000)
  from space 8704K, 93% used [0x00000000e6d80000,0x00000000e756ca20,0x00000000e7600000)
  to   space 9728K, 0% used [0x00000000e6300000,0x00000000e6300000,0x00000000e6c80000)
 ParOldGen       total 55808K, used 16223K [0x00000000a0000000, 0x00000000a3680000, 0x00000000e0000000)
  object space 55808K, 29% used [0x00000000a0000000,0x00000000a0fd7fa0,0x00000000a3680000)
 Metaspace       used 39559K, capacity 40234K, committed 40408K, reserved 1083392K
  class space    used 5371K, capacity 5593K, committed 5632K, reserved 1048576K
}
Event: 12.566 GC heap before
{Heap before GC invocations=15 (full 2):
 PSYoungGen      total 110080K, used 109490K [0x00000000e0000000, 0x00000000e7600000, 0x0000000100000000)
  eden space 101376K, 100% used [0x00000000e0000000,0x00000000e6300000,0x00000000e6300000)
  from space 8704K, 93% used [0x00000000e6d80000,0x00000000e756ca20,0x00000000e7600000)
  to   space 9728K, 0% used [0x00000000e6300000,0x00000000e6300000,0x00000000e6c80000)
 ParOldGen       total 55808K, used 16223K [0x00000000a0000000, 0x00000000a3680000, 0x00000000e0000000)
  object space 55808K, 29% used [0x00000000a0000000,0x00000000a0fd7fa0,0x00000000a3680000)
 Metaspace       used 48119K, capacity 49096K, committed 49368K, reserved 1091584K
  class space    used 6478K, capacity 6791K, committed 6912K, reserved 1048576K
Event: 12.579 GC heap after
Heap after GC invocations=15 (full 2):
 PSYoungGen      total 111104K, used 9701K [0x00000000e0000000, 0x00000000e9480000, 0x0000000100000000)
  eden space 101376K, 0% used [0x00000000e0000000,0x00000000e0000000,0x00000000e6300000)
  from space 9728K, 99% used [0x00000000e6300000,0x00000000e6c794d0,0x00000000e6c80000)
  to   space 13824K, 0% used [0x00000000e8700000,0x00000000e8700000,0x00000000e9480000)
 ParOldGen       total 55808K, used 24301K [0x00000000a0000000, 0x00000000a3680000, 0x00000000e0000000)
  object space 55808K, 43% used [0x00000000a0000000,0x00000000a17bb538,0x00000000a3680000)
 Metaspace       used 48119K, capacity 49096K, committed 49368K, reserved 1091584K
  class space    used 6478K, capacity 6791K, committed 6912K, reserved 1048576K
}
Event: 14.133 GC heap before
{Heap before GC invocations=16 (full 2):
 PSYoungGen      total 111104K, used 111077K [0x00000000e0000000, 0x00000000e9480000, 0x0000000100000000)
  eden space 101376K, 100% used [0x00000000e0000000,0x00000000e6300000,0x00000000e6300000)
  from space 9728K, 99% used [0x00000000e6300000,0x00000000e6c794d0,0x00000000e6c80000)
  to   space 13824K, 0% used [0x00000000e8700000,0x00000000e8700000,0x00000000e9480000)
 ParOldGen       total 55808K, used 24301K [0x00000000a0000000, 0x00000000a3680000, 0x00000000e0000000)
  object space 55808K, 43% used [0x00000000a0000000,0x00000000a17bb538,0x00000000a3680000)
 Metaspace       used 55437K, capacity 57220K, committed 57432K, reserved 1099776K
  class space    used 7597K, capacity 8052K, committed 8064K, reserved 1048576K
Event: 14.163 GC heap after
Heap after GC invocations=16 (full 2):
 PSYoungGen      total 133120K, used 13808K [0x00000000e0000000, 0x00000000ea200000, 0x0000000100000000)
  eden space 119296K, 0% used [0x00000000e0000000,0x00000000e0000000,0x00000000e7480000)
  from space 13824K, 99% used [0x00000000e8700000,0x00000000e947c240,0x00000000e9480000)
  to   space 18944K, 0% used [0x00000000e7480000,0x00000000e7480000,0x00000000e8700000)
 ParOldGen       total 55808K, used 31734K [0x00000000a0000000, 0x00000000a3680000, 0x00000000e0000000)
  object space 55808K, 56% used [0x00000000a0000000,0x00000000a1efd920,0x00000000a3680000)
 Metaspace       used 55437K, capacity 57220K, committed 57432K, reserved 1099776K
  class space    used 7597K, capacity 8052K, committed 8064K, reserved 1048576K
}
Event: 15.328 GC heap before
{Heap before GC invocations=17 (full 2):
 PSYoungGen      total 133120K, used 44268K [0x00000000e0000000, 0x00000000ea200000, 0x0000000100000000)
  eden space 119296K, 25% used [0x00000000e0000000,0x00000000e1dbef80,0x00000000e7480000)
  from space 13824K, 99% used [0x00000000e8700000,0x00000000e947c240,0x00000000e9480000)
  to   space 18944K, 0% used [0x00000000e7480000,0x00000000e7480000,0x00000000e8700000)
 ParOldGen       total 55808K, used 31734K [0x00000000a0000000, 0x00000000a3680000, 0x00000000e0000000)
  object space 55808K, 56% used [0x00000000a0000000,0x00000000a1efd920,0x00000000a3680000)
 Metaspace       used 57255K, capacity 59006K, committed 59028K, reserved 1099776K
  class space    used 7860K, capacity 8361K, committed 8380K, reserved 1048576K
Event: 15.344 GC heap after
Heap after GC invocations=17 (full 2):
 PSYoungGen      total 138240K, used 9702K [0x00000000e0000000, 0x00000000eb780000, 0x0000000100000000)
  eden space 119296K, 0% used [0x00000000e0000000,0x00000000e0000000,0x00000000e7480000)
  from space 18944K, 51% used [0x00000000e7480000,0x00000000e7df98d8,0x00000000e8700000)
  to   space 18432K, 0% used [0x00000000ea580000,0x00000000ea580000,0x00000000eb780000)
 ParOldGen       total 55808K, used 39408K [0x00000000a0000000, 0x00000000a3680000, 0x00000000e0000000)
  object space 55808K, 70% used [0x00000000a0000000,0x00000000a267c380,0x00000000a3680000)
 Metaspace       used 57255K, capacity 59006K, committed 59028K, reserved 1099776K
  class space    used 7860K, capacity 8361K, committed 8380K, reserved 1048576K
}
Event: 15.344 GC heap before
{Heap before GC invocations=18 (full 3):
 PSYoungGen      total 138240K, used 9702K [0x00000000e0000000, 0x00000000eb780000, 0x0000000100000000)
  eden space 119296K, 0% used [0x00000000e0000000,0x00000000e0000000,0x00000000e7480000)
  from space 18944K, 51% used [0x00000000e7480000,0x00000000e7df98d8,0x00000000e8700000)
  to   space 18432K, 0% used [0x00000000ea580000,0x00000000ea580000,0x00000000eb780000)
 ParOldGen       total 55808K, used 39408K [0x00000000a0000000, 0x00000000a3680000, 0x00000000e0000000)
  object space 55808K, 70% used [0x00000000a0000000,0x00000000a267c380,0x00000000a3680000)
 Metaspace       used 57255K, capacity 59006K, committed 59028K, reserved 1099776K
  class space    used 7860K, capacity 8361K, committed 8380K, reserved 1048576K
Event: 15.561 GC heap after
Heap after GC invocations=18 (full 3):
 PSYoungGen      total 138240K, used 0K [0x00000000e0000000, 0x00000000eb780000, 0x0000000100000000)
  eden space 119296K, 0% used [0x00000000e0000000,0x00000000e0000000,0x00000000e7480000)
  from space 18944K, 0% used [0x00000000e7480000,0x00000000e7480000,0x00000000e8700000)
  to   space 18432K, 0% used [0x00000000ea580000,0x00000000ea580000,0x00000000eb780000)
 ParOldGen       total 99840K, used 40782K [0x00000000a0000000, 0x00000000a6180000, 0x00000000e0000000)
  object space 99840K, 40% used [0x00000000a0000000,0x00000000a27d3948,0x00000000a6180000)
 Metaspace       used 57255K, capacity 59006K, committed 59028K, reserved 1099776K
  class space    used 7860K, capacity 8361K, committed 8380K, reserved 1048576K
}

